


                                __________________________________________
                               |                                          |
                               | NUMERICAL ELECTROMAGNETICS CODE (nec2++) |
                               | Implemented in 'C++' in Double Precision |
                               |        Version 1.7.4 [2024-01-10]        |
                               |__________________________________________|



                               ---------------- COMMENTS ----------------
                                Dipole Antenna
                               



                                -------- STRUCTURE SPECIFICATION --------
                                COORDINATES MUST BE INPUT IN
                                METERS OR BE SCALED TO METERS
                                BEFORE STRUCTURE INPUT IS ENDED
  WIRE                                                                                 SEG FIRST  LAST  TAG
   No:        X1         Y1         Z1         X2         Y2         Z2       RADIUS   No:   SEG   SEG  No:

     1     -6.0000     0.0000     0.0000    -4.5000     0.0000     0.0000     0.0300     9     1     9    1
     2      4.5000     0.0000     0.0000     6.0000     0.0000     0.0000     0.0300     9    10    18    2

     TOTAL SEGMENTS USED: 18   SEGMENTS IN A SYMMETRIC CELL: 18   SYMMETRY FLAG: 0


                               ---------- SEGMENTATION DATA ----------
                                        COORDINATES IN METERS
                            I+ AND I- INDICATE THE SEGMENTS BEFORE AND AFTER I

   SEG    COORDINATES OF SEGM CENTER     SEGM    ORIENTATION ANGLES    WIRE    CONNECTION DATA   TAG
   No:       X         Y         Z      LENGTH     ALPHA      BETA    RADIUS    I-     I    I+   NO:
     1   -5.9167    0.0000    0.0000    0.1667    0.0000    0.0000    0.0300     0     1     2     1
     2   -5.7500    0.0000    0.0000    0.1667    0.0000    0.0000    0.0300     1     2     3     1
     3   -5.5833    0.0000    0.0000    0.1667    0.0000    0.0000    0.0300     2     3     4     1
     4   -5.4167    0.0000    0.0000    0.1667    0.0000    0.0000    0.0300     3     4     5     1
     5   -5.2500    0.0000    0.0000    0.1667    0.0000    0.0000    0.0300     4     5     6     1
     6   -5.0833    0.0000    0.0000    0.1667    0.0000    0.0000    0.0300     5     6     7     1
     7   -4.9167    0.0000    0.0000    0.1667    0.0000    0.0000    0.0300     6     7     8     1
     8   -4.7500    0.0000    0.0000    0.1667    0.0000    0.0000    0.0300     7     8     9     1
     9   -4.5833    0.0000    0.0000    0.1667    0.0000    0.0000    0.0300     8     9     0     1
    10    4.5833    0.0000    0.0000    0.1667    0.0000    0.0000    0.0300     0    10    11     2
    11    4.7500    0.0000    0.0000    0.1667    0.0000    0.0000    0.0300    10    11    12     2
    12    4.9167    0.0000    0.0000    0.1667    0.0000    0.0000    0.0300    11    12    13     2
    13    5.0833    0.0000    0.0000    0.1667    0.0000    0.0000    0.0300    12    13    14     2
    14    5.2500    0.0000    0.0000    0.1667    0.0000    0.0000    0.0300    13    14    15     2
    15    5.4167    0.0000    0.0000    0.1667    0.0000    0.0000    0.0300    14    15    16     2
    16    5.5833    0.0000    0.0000    0.1667    0.0000    0.0000    0.0300    15    16    17     2
    17    5.7500    0.0000    0.0000    0.1667    0.0000    0.0000    0.0300    16    17    18     2
    18    5.9167    0.0000    0.0000    0.1667    0.0000    0.0000    0.0300    17    18     0     2



*****  DATA CARD N0.   1 EX   0     1     5     0  1.00000E+00  0.00000E+00  0.00000E+00  0.00000E+00  0.00000E+00  0.00000E+00
*****  DATA CARD N0.   2 FR   0     1     0     0  1.00000E+02  0.00000E+00  0.00000E+00  0.00000E+00  0.00000E+00  0.00000E+00
*****  DATA CARD N0.   3 XQ   0     0     0     0  0.00000E+00  0.00000E+00  0.00000E+00  0.00000E+00  0.00000E+00  0.00000E+00


                               --------- FREQUENCY --------
                               FREQUENCY=  1.0000E+02 MHZ
                               WAVELENGTH= 2.9980E+00 METERS


                        APPROXIMATE INTEGRATION EMPLOYED FOR SEGMENTS
                        THAT ARE MORE THAN 1.000 WAVELENGTHS APART



                          ------ STRUCTURE IMPEDANCE LOADING ------
                                 THIS STRUCTURE IS NOT LOADED



                            -------- ANTENNA ENVIRONMENT --------
                            FREE SPACE



                             ---------- MATRIX TIMING ----------
                               FILL= 0 msec  FACTOR: 0 msec


                      ----- ANTENNA INPUT PARAMETERS -----
  TAG   SEG       VOLTAGE (VOLTS)         CURRENT (AMPS)         IMPEDANCE (OHMS)        ADMITTANCE (MHOS)     POWER
  NO.   NO.     REAL      IMAGINARY     REAL      IMAGINARY     REAL      IMAGINARY    REAL       IMAGINARY   (WATTS)
   1     5  1.0000E+00  0.0000E+00  7.9295E-03 -3.7897E-03  1.0266E+02  4.9065E+01  7.9295E-03 -3.7897E-03  3.9647E-03







                        ----- CURRENTS AND LOCATION -----
                            DISTANCES IN WAVELENGTHS 

   SEG  TAG    COORDINATES OF SEGM CENTER     SEGM    ------------- CURRENT (AMPS) -------------
   No:  No:       X         Y         Z      LENGTH     REAL      IMAGINARY    MAGN        PHASE
     1    1   -1.9736    0.0000    0.0000   0.05559  2.1830E-03 -1.9923E-03  2.9555E-03  -42.385 
     2    1   -1.9180    0.0000    0.0000   0.05559  4.6274E-03 -3.8942E-03  6.0480E-03  -40.082 
     3    1   -1.8624    0.0000    0.0000   0.05559  6.4079E-03 -4.8546E-03  8.0392E-03  -37.147 
     4    1   -1.8068    0.0000    0.0000   0.05559  7.5407E-03 -4.8267E-03  8.9532E-03  -32.623 
     5    1   -1.7512    0.0000    0.0000   0.05559  7.9295E-03 -3.7897E-03  8.7886E-03  -25.544 
     6    1   -1.6956    0.0000    0.0000   0.05559  7.5407E-03 -4.8267E-03  8.9532E-03  -32.623 
     7    1   -1.6400    0.0000    0.0000   0.05559  6.4079E-03 -4.8546E-03  8.0392E-03  -37.147 
     8    1   -1.5844    0.0000    0.0000   0.05559  4.6274E-03 -3.8942E-03  6.0480E-03  -40.082 
     9    1   -1.5288    0.0000    0.0000   0.05559  2.1830E-03 -1.9923E-03  2.9555E-03  -42.385 
    10    2    1.5288    0.0000    0.0000   0.05559 -4.7464E-07  6.3297E-06  6.3474E-06   94.288 
    11    2    1.5844    0.0000    0.0000   0.05559 -3.0105E-06  1.3810E-05  1.4134E-05  102.298 
    12    2    1.6400    0.0000    0.0000   0.05559 -6.6550E-06  1.9984E-05  2.1063E-05  108.419 
    13    2    1.6956    0.0000    0.0000   0.05559 -1.0401E-05  2.4835E-05  2.6925E-05  112.724 
    14    2    1.7512    0.0000    0.0000   0.05559 -1.3330E-05  2.7789E-05  3.0821E-05  115.627 
    15    2    1.8068    0.0000    0.0000   0.05559 -1.4687E-05  2.8275E-05  3.1862E-05  117.449 
    16    2    1.8624    0.0000    0.0000   0.05559 -1.3977E-05  2.5820E-05  2.9360E-05  118.427 
    17    2    1.9180    0.0000    0.0000   0.05559 -1.1027E-05  2.0123E-05  2.2946E-05  118.721 
    18    2    1.9736    0.0000    0.0000   0.05559 -5.5642E-06  1.0270E-05  1.1681E-05  118.447 






                               ---------- POWER BUDGET ---------
                               INPUT POWER   =  3.9647E-03 Watts
                               RADIATED POWER=  3.9647E-03 Watts
                               STRUCTURE LOSS=  0.0000E+00 Watts
                               NETWORK LOSS  =  0.0000E+00 Watts
                               EFFICIENCY    =  100.00 Percent



*****  DATA CARD N0.   4 EN   0     0     0     0  0.00000E+00  0.00000E+00  0.00000E+00  0.00000E+00  0.00000E+00  0.00000E+00

  TOTAL RUN TIME: 0 msec