


                                __________________________________________
                               |                                          |
                               | NUMERICAL ELECTROMAGNETICS CODE (nec2++) |
                               | Implemented in 'C++' in Double Precision |
                               |        Version 1.7.4 [2024-01-10]        |
                               |__________________________________________|



                               ---------------- COMMENTS ----------------
                                Dipole Antenna
                               



                                -------- STRUCTURE SPECIFICATION --------
                                COORDINATES MUST BE INPUT IN
                                METERS OR BE SCALED TO METERS
                                BEFORE STRUCTURE INPUT IS ENDED
  WIRE                                                                                 SEG FIRST  LAST  TAG
   No:        X1         Y1         Z1         X2         Y2         Z2       RADIUS   No:   SEG   SEG  No:

     1      0.0000     0.0000     0.0000     0.0000     0.0000     1.5000     0.0300     9     1     9    1
     2      3.0000     0.0000     3.0000     3.0000     0.0000     4.5000     0.0300     9    10    18    2

     TOTAL SEGMENTS USED: 18   SEGMENTS IN A SYMMETRIC CELL: 18   SYMMETRY FLAG: 0


                               ---------- SEGMENTATION DATA ----------
                                        COORDINATES IN METERS
                            I+ AND I- INDICATE THE SEGMENTS BEFORE AND AFTER I

   SEG    COORDINATES OF SEGM CENTER     SEGM    ORIENTATION ANGLES    WIRE    CONNECTION DATA   TAG
   No:       X         Y         Z      LENGTH     ALPHA      BETA    RADIUS    I-     I    I+   NO:
     1    0.0000    0.0000    0.0833    0.1667   90.0000    0.0000    0.0300     0     1     2     1
     2    0.0000    0.0000    0.2500    0.1667   90.0000    0.0000    0.0300     1     2     3     1
     3    0.0000    0.0000    0.4167    0.1667   90.0000    0.0000    0.0300     2     3     4     1
     4    0.0000    0.0000    0.5833    0.1667   90.0000    0.0000    0.0300     3     4     5     1
     5    0.0000    0.0000    0.7500    0.1667   90.0000    0.0000    0.0300     4     5     6     1
     6    0.0000    0.0000    0.9167    0.1667   90.0000    0.0000    0.0300     5     6     7     1
     7    0.0000    0.0000    1.0833    0.1667   90.0000    0.0000    0.0300     6     7     8     1
     8    0.0000    0.0000    1.2500    0.1667   90.0000    0.0000    0.0300     7     8     9     1
     9    0.0000    0.0000    1.4167    0.1667   90.0000    0.0000    0.0300     8     9     0     1
    10    3.0000    0.0000    3.0833    0.1667   90.0000    0.0000    0.0300     0    10    11     2
    11    3.0000    0.0000    3.2500    0.1667   90.0000    0.0000    0.0300    10    11    12     2
    12    3.0000    0.0000    3.4167    0.1667   90.0000    0.0000    0.0300    11    12    13     2
    13    3.0000    0.0000    3.5833    0.1667   90.0000    0.0000    0.0300    12    13    14     2
    14    3.0000    0.0000    3.7500    0.1667   90.0000    0.0000    0.0300    13    14    15     2
    15    3.0000    0.0000    3.9167    0.1667   90.0000    0.0000    0.0300    14    15    16     2
    16    3.0000    0.0000    4.0833    0.1667   90.0000    0.0000    0.0300    15    16    17     2
    17    3.0000    0.0000    4.2500    0.1667   90.0000    0.0000    0.0300    16    17    18     2
    18    3.0000    0.0000    4.4167    0.1667   90.0000    0.0000    0.0300    17    18     0     2



*****  DATA CARD N0.   1 EX   0     1     5     0  1.00000E+00  0.00000E+00  0.00000E+00  0.00000E+00  0.00000E+00  0.00000E+00
*****  DATA CARD N0.   2 FR   0     1     0     0  1.00000E+02  0.00000E+00  0.00000E+00  0.00000E+00  0.00000E+00  0.00000E+00
*****  DATA CARD N0.   3 XQ   0     0     0     0  0.00000E+00  0.00000E+00  0.00000E+00  0.00000E+00  0.00000E+00  0.00000E+00


                               --------- FREQUENCY --------
                               FREQUENCY=  1.0000E+02 MHZ
                               WAVELENGTH= 2.9980E+00 METERS


                        APPROXIMATE INTEGRATION EMPLOYED FOR SEGMENTS
                        THAT ARE MORE THAN 1.000 WAVELENGTHS APART



                          ------ STRUCTURE IMPEDANCE LOADING ------
                                 THIS STRUCTURE IS NOT LOADED



                            -------- ANTENNA ENVIRONMENT --------
                            FREE SPACE



                             ---------- MATRIX TIMING ----------
                               FILL= 0 msec  FACTOR: 0 msec


                      ----- ANTENNA INPUT PARAMETERS -----
  TAG   SEG       VOLTAGE (VOLTS)         CURRENT (AMPS)         IMPEDANCE (OHMS)        ADMITTANCE (MHOS)     POWER
  NO.   NO.     REAL      IMAGINARY     REAL      IMAGINARY     REAL      IMAGINARY    REAL       IMAGINARY   (WATTS)
   1     5  1.0000E+00  0.0000E+00  7.8912E-03 -3.7771E-03  1.0310E+02  4.9349E+01  7.8912E-03 -3.7771E-03  3.9456E-03







                        ----- CURRENTS AND LOCATION -----
                            DISTANCES IN WAVELENGTHS 

   SEG  TAG    COORDINATES OF SEGM CENTER     SEGM    ------------- CURRENT (AMPS) -------------
   No:  No:       X         Y         Z      LENGTH     REAL      IMAGINARY    MAGN        PHASE
     1    1    0.0000    0.0000    0.0278   0.05559  2.1701E-03 -1.9882E-03  2.9431E-03  -42.496 
     2    1    0.0000    0.0000    0.0834   0.05559  4.6012E-03 -3.8859E-03  6.0226E-03  -40.182 
     3    1    0.0000    0.0000    0.1390   0.05559  6.3734E-03 -4.8436E-03  8.0051E-03  -37.234 
     4    1    0.0000    0.0000    0.1946   0.05559  7.5022E-03 -4.8144E-03  8.9141E-03  -32.689 
     5    1    0.0000    0.0000    0.2502   0.05559  7.8912E-03 -3.7771E-03  8.7486E-03  -25.578 
     6    1    0.0000    0.0000    0.3058   0.05559  7.5066E-03 -4.8150E-03  8.9181E-03  -32.678 
     7    1    0.0000    0.0000    0.3614   0.05559  6.3810E-03 -4.8448E-03  8.0118E-03  -37.208 
     8    1    0.0000    0.0000    0.4170   0.05559  4.6096E-03 -3.8871E-03  6.0298E-03  -40.140 
     9    1    0.0000    0.0000    0.4725   0.05559  2.1755E-03 -1.9889E-03  2.9477E-03  -42.435 
    10    2    1.0007    0.0000    1.0285   0.05559  6.4558E-05  1.1190E-04  1.2919E-04   60.019 
    11    2    1.0007    0.0000    1.0841   0.05559  1.3897E-04  2.6583E-04  2.9996E-04   62.401 
    12    2    1.0007    0.0000    1.1397   0.05559  1.9692E-04  4.0322E-04  4.4874E-04   63.970 
    13    2    1.0007    0.0000    1.1953   0.05559  2.3851E-04  5.1126E-04  5.6416E-04   64.990 
    14    2    1.0007    0.0000    1.2509   0.05559  2.5939E-04  5.7322E-04  6.2918E-04   65.653 
    15    2    1.0007    0.0000    1.3064   0.05559  2.5625E-04  5.7713E-04  6.3146E-04   66.059 
    16    2    1.0007    0.0000    1.3620   0.05559  2.2724E-04  5.1683E-04  5.6458E-04   66.266 
    17    2    1.0007    0.0000    1.4176   0.05559  1.7217E-04  3.9231E-04  4.2843E-04   66.305 
    18    2    1.0007    0.0000    1.4732   0.05559  8.5651E-05  1.9415E-04  2.1220E-04   66.195 






                               ---------- POWER BUDGET ---------
                               INPUT POWER   =  3.9456E-03 Watts
                               RADIATED POWER=  3.9456E-03 Watts
                               STRUCTURE LOSS=  0.0000E+00 Watts
                               NETWORK LOSS  =  0.0000E+00 Watts
                               EFFICIENCY    =  100.00 Percent



*****  DATA CARD N0.   4 EN   0     0     0     0  0.00000E+00  0.00000E+00  0.00000E+00  0.00000E+00  0.00000E+00  0.00000E+00

  TOTAL RUN TIME: 0 msec