


                                __________________________________________
                               |                                          |
                               | NUMERICAL ELECTROMAGNETICS CODE (nec2++) |
                               | Implemented in 'C++' in Double Precision |
                               |        Version 1.7.4 [2024-01-10]        |
                               |__________________________________________|



                               ---------------- COMMENTS ----------------
                                Dipole Antenna
                               



                                -------- STRUCTURE SPECIFICATION --------
                                COORDINATES MUST BE INPUT IN
                                METERS OR BE SCALED TO METERS
                                BEFORE STRUCTURE INPUT IS ENDED
  WIRE                                                                                 SEG FIRST  LAST  TAG
   No:        X1         Y1         Z1         X2         Y2         Z2       RADIUS   No:   SEG   SEG  No:

     1     -4.5000     0.0000    -0.7500    -4.5000     0.0000     0.7500     0.0300     9     1     9    1
     2      4.5000     0.0000    -0.7500     4.5000     0.0000     0.7500     0.0300     9    10    18    2

     TOTAL SEGMENTS USED: 18   SEGMENTS IN A SYMMETRIC CELL: 18   SYMMETRY FLAG: 0


                               ---------- SEGMENTATION DATA ----------
                                        COORDINATES IN METERS
                            I+ AND I- INDICATE THE SEGMENTS BEFORE AND AFTER I

   SEG    COORDINATES OF SEGM CENTER     SEGM    ORIENTATION ANGLES    WIRE    CONNECTION DATA   TAG
   No:       X         Y         Z      LENGTH     ALPHA      BETA    RADIUS    I-     I    I+   NO:
     1   -4.5000    0.0000   -0.6667    0.1667   90.0000    0.0000    0.0300     0     1     2     1
     2   -4.5000    0.0000   -0.5000    0.1667   90.0000    0.0000    0.0300     1     2     3     1
     3   -4.5000    0.0000   -0.3333    0.1667   90.0000    0.0000    0.0300     2     3     4     1
     4   -4.5000    0.0000   -0.1667    0.1667   90.0000    0.0000    0.0300     3     4     5     1
     5   -4.5000    0.0000   -0.0000    0.1667   90.0000    0.0000    0.0300     4     5     6     1
     6   -4.5000    0.0000    0.1667    0.1667   90.0000    0.0000    0.0300     5     6     7     1
     7   -4.5000    0.0000    0.3333    0.1667   90.0000    0.0000    0.0300     6     7     8     1
     8   -4.5000    0.0000    0.5000    0.1667   90.0000    0.0000    0.0300     7     8     9     1
     9   -4.5000    0.0000    0.6667    0.1667   90.0000    0.0000    0.0300     8     9     0     1
    10    4.5000    0.0000   -0.6667    0.1667   90.0000    0.0000    0.0300     0    10    11     2
    11    4.5000    0.0000   -0.5000    0.1667   90.0000    0.0000    0.0300    10    11    12     2
    12    4.5000    0.0000   -0.3333    0.1667   90.0000    0.0000    0.0300    11    12    13     2
    13    4.5000    0.0000   -0.1667    0.1667   90.0000    0.0000    0.0300    12    13    14     2
    14    4.5000    0.0000   -0.0000    0.1667   90.0000    0.0000    0.0300    13    14    15     2
    15    4.5000    0.0000    0.1667    0.1667   90.0000    0.0000    0.0300    14    15    16     2
    16    4.5000    0.0000    0.3333    0.1667   90.0000    0.0000    0.0300    15    16    17     2
    17    4.5000    0.0000    0.5000    0.1667   90.0000    0.0000    0.0300    16    17    18     2
    18    4.5000    0.0000    0.6667    0.1667   90.0000    0.0000    0.0300    17    18     0     2



*****  DATA CARD N0.   1 EX   0     1     5     0  1.00000E+00  0.00000E+00  0.00000E+00  0.00000E+00  0.00000E+00  0.00000E+00
*****  DATA CARD N0.   2 FR   0     1     0     0  1.00000E+02  0.00000E+00  0.00000E+00  0.00000E+00  0.00000E+00  0.00000E+00
*****  DATA CARD N0.   3 XQ   0     0     0     0  0.00000E+00  0.00000E+00  0.00000E+00  0.00000E+00  0.00000E+00  0.00000E+00


                               --------- FREQUENCY --------
                               FREQUENCY=  1.0000E+02 MHZ
                               WAVELENGTH= 2.9980E+00 METERS


                        APPROXIMATE INTEGRATION EMPLOYED FOR SEGMENTS
                        THAT ARE MORE THAN 1.000 WAVELENGTHS APART



                          ------ STRUCTURE IMPEDANCE LOADING ------
                                 THIS STRUCTURE IS NOT LOADED



                            -------- ANTENNA ENVIRONMENT --------
                            FREE SPACE



                             ---------- MATRIX TIMING ----------
                               FILL= 0 msec  FACTOR: 0 msec


                      ----- ANTENNA INPUT PARAMETERS -----
  TAG   SEG       VOLTAGE (VOLTS)         CURRENT (AMPS)         IMPEDANCE (OHMS)        ADMITTANCE (MHOS)     POWER
  NO.   NO.     REAL      IMAGINARY     REAL      IMAGINARY     REAL      IMAGINARY    REAL       IMAGINARY   (WATTS)
   1     5  1.0000E+00  0.0000E+00  7.9513E-03 -3.7446E-03  1.0294E+02  4.8477E+01  7.9513E-03 -3.7446E-03  3.9756E-03







                        ----- CURRENTS AND LOCATION -----
                            DISTANCES IN WAVELENGTHS 

   SEG  TAG    COORDINATES OF SEGM CENTER     SEGM    ------------- CURRENT (AMPS) -------------
   No:  No:       X         Y         Z      LENGTH     REAL      IMAGINARY    MAGN        PHASE
     1    1   -1.5010    0.0000   -0.2224   0.05559  2.1888E-03 -1.9799E-03  2.9514E-03  -42.131 
     2    1   -1.5010    0.0000   -0.1668   0.05559  4.6398E-03 -3.8678E-03  6.0406E-03  -39.815 
     3    1   -1.5010    0.0000   -0.1112   0.05559  6.4253E-03 -4.8181E-03  8.0311E-03  -36.865 
     4    1   -1.5010    0.0000   -0.0556   0.05559  7.5614E-03 -4.7839E-03  8.9476E-03  -32.320 
     5    1   -1.5010    0.0000   -0.0000   0.05559  7.9513E-03 -3.7446E-03  8.7889E-03  -25.218 
     6    1   -1.5010    0.0000    0.0556   0.05559  7.5614E-03 -4.7839E-03  8.9476E-03  -32.320 
     7    1   -1.5010    0.0000    0.1112   0.05559  6.4253E-03 -4.8181E-03  8.0311E-03  -36.865 
     8    1   -1.5010    0.0000    0.1668   0.05559  4.6398E-03 -3.8678E-03  6.0406E-03  -39.815 
     9    1   -1.5010    0.0000    0.2224   0.05559  2.1888E-03 -1.9799E-03  2.9514E-03  -42.131 
    10    2    1.5010    0.0000   -0.2224   0.05559 -1.8338E-04 -5.1238E-05  1.9040E-04 -164.389 
    11    2    1.5010    0.0000   -0.1668   0.05559 -3.9078E-04 -1.0538E-04  4.0474E-04 -164.908 
    12    2    1.5010    0.0000   -0.1112   0.05559 -5.4308E-04 -1.4296E-04  5.6158E-04 -165.252 
    13    2    1.5010    0.0000   -0.0556   0.05559 -6.4036E-04 -1.6629E-04  6.6160E-04 -165.443 
    14    2    1.5010    0.0000   -0.0000   0.05559 -6.7381E-04 -1.7420E-04  6.9597E-04 -165.505 
    15    2    1.5010    0.0000    0.0556   0.05559 -6.4036E-04 -1.6629E-04  6.6160E-04 -165.443 
    16    2    1.5010    0.0000    0.1112   0.05559 -5.4308E-04 -1.4296E-04  5.6158E-04 -165.252 
    17    2    1.5010    0.0000    0.1668   0.05559 -3.9078E-04 -1.0538E-04  4.0474E-04 -164.908 
    18    2    1.5010    0.0000    0.2224   0.05559 -1.8338E-04 -5.1238E-05  1.9040E-04 -164.389 






                               ---------- POWER BUDGET ---------
                               INPUT POWER   =  3.9756E-03 Watts
                               RADIATED POWER=  3.9756E-03 Watts
                               STRUCTURE LOSS=  0.0000E+00 Watts
                               NETWORK LOSS  =  0.0000E+00 Watts
                               EFFICIENCY    =  100.00 Percent



*****  DATA CARD N0.   4 EN   0     0     0     0  0.00000E+00  0.00000E+00  0.00000E+00  0.00000E+00  0.00000E+00  0.00000E+00

  TOTAL RUN TIME: 0 msec